<?xml version="1.0" encoding="UTF-8"?>
<!-- Generated by org.testng.reporters.JUnitXMLReporter -->
<testsuite hostname="LAPTOP-A11EL1IC" ignored="0" name="Test" tests="3" failures="0" timestamp="04 May 2020 14:23:55 GMT" time="74.001" errors="0">
  <testcase name="getTitle" time="0.357" classname="com.qa.testcases.LoginPageTest"/>
  <testcase name="checkLogo" time="0.17" classname="com.qa.testcases.LoginPageTest"/>
  <testcase name="login" time="37.039" classname="com.qa.testcases.LoginPageTest"/>
</testsuite> <!-- Test -->
