<?xml version="1.0" encoding="UTF-8"?>
<testng-results skipped="0" failed="0" ignored="0" total="3" passed="3">
  <reporter-output>
  </reporter-output>
  <suite name="Suite" duration-ms="74001" started-at="2020-05-04T14:22:41Z" finished-at="2020-05-04T14:23:55Z">
    <groups>
    </groups>
    <test name="Test" duration-ms="74001" started-at="2020-05-04T14:22:41Z" finished-at="2020-05-04T14:23:55Z">
      <class name="com.qa.testcases.LoginPageTest">
        <test-method status="PASS" signature="beforeTest()[pri:0, instance:com.qa.testcases.LoginPageTest@2f94c4db]" name="beforeTest" is-config="true" duration-ms="34505" started-at="2020-05-04T14:22:41Z" finished-at="2020-05-04T14:23:15Z">
          <reporter-output>
          </reporter-output>
        </test-method> <!-- beforeTest -->
        <test-method status="PASS" signature="getTitle()[pri:1, instance:com.qa.testcases.LoginPageTest@2f94c4db]" name="getTitle" duration-ms="357" started-at="2020-05-04T14:23:15Z" finished-at="2020-05-04T14:23:16Z">
          <reporter-output>
          </reporter-output>
        </test-method> <!-- getTitle -->
        <test-method status="PASS" signature="checkLogo()[pri:2, instance:com.qa.testcases.LoginPageTest@2f94c4db]" name="checkLogo" duration-ms="170" started-at="2020-05-04T14:23:16Z" finished-at="2020-05-04T14:23:16Z">
          <reporter-output>
          </reporter-output>
        </test-method> <!-- checkLogo -->
        <test-method status="PASS" signature="login()[pri:3, instance:com.qa.testcases.LoginPageTest@2f94c4db]" name="login" duration-ms="37039" started-at="2020-05-04T14:23:16Z" finished-at="2020-05-04T14:23:53Z">
          <reporter-output>
          </reporter-output>
        </test-method> <!-- login -->
        <test-method status="PASS" signature="afterTest()[pri:0, instance:com.qa.testcases.LoginPageTest@2f94c4db]" name="afterTest" is-config="true" duration-ms="1272" started-at="2020-05-04T14:23:53Z" finished-at="2020-05-04T14:23:55Z">
          <reporter-output>
          </reporter-output>
        </test-method> <!-- afterTest -->
      </class> <!-- com.qa.testcases.LoginPageTest -->
    </test> <!-- Test -->
  </suite> <!-- Suite -->
</testng-results>
