<?xml version="1.0" encoding="UTF-8"?>
<testng-results skipped="0" failed="0" ignored="0" total="3" passed="3">
  <reporter-output>
  </reporter-output>
  <suite name="Suite" duration-ms="59712" started-at="2020-05-04T14:19:14Z" finished-at="2020-05-04T14:20:14Z">
    <groups>
    </groups>
    <test name="Test" duration-ms="59712" started-at="2020-05-04T14:19:14Z" finished-at="2020-05-04T14:20:14Z">
      <class name="com.qa.testcases.LoginPageTest">
        <test-method status="PASS" signature="beforeTest()[pri:0, instance:com.qa.testcases.LoginPageTest@13006998]" name="beforeTest" is-config="true" duration-ms="29038" started-at="2020-05-04T14:19:14Z" finished-at="2020-05-04T14:19:43Z">
          <reporter-output>
          </reporter-output>
        </test-method> <!-- beforeTest -->
        <test-method status="PASS" signature="getTitle()[pri:1, instance:com.qa.testcases.LoginPageTest@13006998]" name="getTitle" duration-ms="246" started-at="2020-05-04T14:19:44Z" finished-at="2020-05-04T14:19:44Z">
          <reporter-output>
          </reporter-output>
        </test-method> <!-- getTitle -->
        <test-method status="PASS" signature="checkLogo()[pri:2, instance:com.qa.testcases.LoginPageTest@13006998]" name="checkLogo" duration-ms="255" started-at="2020-05-04T14:19:44Z" finished-at="2020-05-04T14:19:45Z">
          <reporter-output>
          </reporter-output>
        </test-method> <!-- checkLogo -->
        <test-method status="PASS" signature="login()[pri:3, instance:com.qa.testcases.LoginPageTest@13006998]" name="login" duration-ms="28156" started-at="2020-05-04T14:19:45Z" finished-at="2020-05-04T14:20:13Z">
          <reporter-output>
          </reporter-output>
        </test-method> <!-- login -->
        <test-method status="PASS" signature="afterTest()[pri:0, instance:com.qa.testcases.LoginPageTest@13006998]" name="afterTest" is-config="true" duration-ms="1141" started-at="2020-05-04T14:20:13Z" finished-at="2020-05-04T14:20:14Z">
          <reporter-output>
          </reporter-output>
        </test-method> <!-- afterTest -->
      </class> <!-- com.qa.testcases.LoginPageTest -->
    </test> <!-- Test -->
  </suite> <!-- Suite -->
</testng-results>
